<?xml version="1.0" encoding="UTF-8"?>
<coverage generated="1680780733847" clover="3.2.0">
  <project timestamp="1680780733847" name="All files">
    <metrics statements="21" coveredstatements="21" conditionals="4" coveredconditionals="3" methods="4" coveredmethods="4" elements="29" coveredelements="28" complexity="0" loc="21" ncloc="21" packages="1" files="3" classes="3"/>
    <file name="addList.js" path="/Users/Aimable/Desktop/Documents/Pair-2/To-Do-List/src/__mock__/addList.js">
      <metrics statements="5" coveredstatements="5" conditionals="0" coveredconditionals="0" methods="1" coveredmethods="1"/>
      <line num="4" count="1" type="stmt"/>
      <line num="5" count="4" type="stmt"/>
      <line num="7" count="4" type="stmt"/>
      <line num="19" count="4" type="stmt"/>
      <line num="21" count="4" type="stmt"/>
    </file>
    <file name="display.js" path="/Users/Aimable/Desktop/Documents/Pair-2/To-Do-List/src/__mock__/display.js">
      <metrics statements="9" coveredstatements="9" conditionals="4" coveredconditionals="3" methods="2" coveredmethods="2"/>
      <line num="1" count="1" type="stmt"/>
      <line num="2" count="6" type="stmt"/>
      <line num="4" count="6" type="cond" truecount="1" falsecount="1"/>
      <line num="5" count="6" type="stmt"/>
      <line num="6" count="10" type="stmt"/>
      <line num="7" count="10" type="cond" truecount="2" falsecount="0"/>
      <line num="8" count="10" type="stmt"/>
      <line num="9" count="10" type="stmt"/>
      <line num="10" count="10" type="stmt"/>
    </file>
    <file name="removeList.js" path="/Users/Aimable/Desktop/Documents/Pair-2/To-Do-List/src/__mock__/removeList.js">
      <metrics statements="7" coveredstatements="7" conditionals="0" coveredconditionals="0" methods="1" coveredmethods="1"/>
      <line num="3" count="1" type="stmt"/>
      <line num="4" count="2" type="stmt"/>
      <line num="5" count="2" type="stmt"/>
      <line num="6" count="2" type="stmt"/>
      <line num="7" count="2" type="stmt"/>
      <line num="9" count="2" type="stmt"/>
      <line num="11" count="2" type="stmt"/>
    </file>
  </project>
</coverage>
