{"/Users/Aimable/Desktop/Documents/Pair-2/To-Do-List/src/__mock__/addList.js": {"path":"/Users/Aimable/Desktop/Documents/Pair-2/To-Do-List/src/__mock__/addList.js","statementMap":{"0":{"start":{"line":4,"column":16},"end":{"line":22,"column":1}},"1":{"start":{"line":5,"column":19},"end":{"line":5,"column":21}},"2":{"start":{"line":7,"column":2},"end":{"line":18,"column":4}},"3":{"start":{"line":19,"column":2},"end":{"line":19,"column":62}},"4":{"start":{"line":21,"column":2},"end":{"line":21,"column":12}}},"fnMap":{"0":{"name":"(anonymous_0)","decl":{"start":{"line":4,"column":16},"end":{"line":4,"column":17}},"loc":{"start":{"line":4,"column":22},"end":{"line":22,"column":1}},"line":4}},"branchMap":{},"s":{"0":1,"1":4,"2":4,"3":4,"4":4},"f":{"0":4},"b":{},"_coverageSchema":"1a1c01bbd47fc00a2c39e90264f33305004495a9","hash":"9ec825251ba9a3677ed9729aa01bdf5ef81e9a40"}
,"/Users/Aimable/Desktop/Documents/Pair-2/To-Do-List/src/__mock__/display.js": {"path":"/Users/Aimable/Desktop/Documents/Pair-2/To-Do-List/src/__mock__/display.js","statementMap":{"0":{"start":{"line":1,"column":16},"end":{"line":18,"column":1}},"1":{"start":{"line":2,"column":17},"end":{"line":2,"column":19}},"2":{"start":{"line":4,"column":2},"end":{"line":4,"column":65}},"3":{"start":{"line":5,"column":2},"end":{"line":17,"column":5}},"4":{"start":{"line":6,"column":17},"end":{"line":6,"column":46}},"5":{"start":{"line":7,"column":17},"end":{"line":7,"column":51}},"6":{"start":{"line":8,"column":4},"end":{"line":8,"column":31}},"7":{"start":{"line":9,"column":4},"end":{"line":9,"column":43}},"8":{"start":{"line":10,"column":4},"end":{"line":16,"column":8}}},"fnMap":{"0":{"name":"(anonymous_0)","decl":{"start":{"line":1,"column":16},"end":{"line":1,"column":17}},"loc":{"start":{"line":1,"column":22},"end":{"line":18,"column":1}},"line":1},"1":{"name":"(anonymous_1)","decl":{"start":{"line":5,"column":19},"end":{"line":5,"column":20}},"loc":{"start":{"line":5,"column":32},"end":{"line":17,"column":3}},"line":5}},"branchMap":{"0":{"loc":{"start":{"line":4,"column":13},"end":{"line":4,"column":64}},"type":"binary-expr","locations":[{"start":{"line":4,"column":13},"end":{"line":4,"column":58}},{"start":{"line":4,"column":62},"end":{"line":4,"column":64}}],"line":4},"1":{"loc":{"start":{"line":7,"column":17},"end":{"line":7,"column":51}},"type":"cond-expr","locations":[{"start":{"line":7,"column":37},"end":{"line":7,"column":46}},{"start":{"line":7,"column":49},"end":{"line":7,"column":51}}],"line":7}},"s":{"0":1,"1":6,"2":6,"3":6,"4":10,"5":10,"6":10,"7":10,"8":10},"f":{"0":6,"1":10},"b":{"0":[6,0],"1":[6,4]},"_coverageSchema":"1a1c01bbd47fc00a2c39e90264f33305004495a9","hash":"2cbf03baf336ce6610eac93cb5449861228df511"}
,"/Users/Aimable/Desktop/Documents/Pair-2/To-Do-List/src/__mock__/removeList.js": {"path":"/Users/Aimable/Desktop/Documents/Pair-2/To-Do-List/src/__mock__/removeList.js","statementMap":{"0":{"start":{"line":3,"column":15},"end":{"line":12,"column":1}},"1":{"start":{"line":4,"column":17},"end":{"line":4,"column":19}},"2":{"start":{"line":5,"column":21},"end":{"line":5,"column":54}},"3":{"start":{"line":6,"column":2},"end":{"line":6,"column":36}},"4":{"start":{"line":7,"column":2},"end":{"line":7,"column":28}},"5":{"start":{"line":9,"column":2},"end":{"line":9,"column":62}},"6":{"start":{"line":11,"column":2},"end":{"line":11,"column":12}}},"fnMap":{"0":{"name":"(anonymous_0)","decl":{"start":{"line":3,"column":15},"end":{"line":3,"column":16}},"loc":{"start":{"line":3,"column":26},"end":{"line":12,"column":1}},"line":3}},"branchMap":{},"s":{"0":1,"1":2,"2":2,"3":2,"4":2,"5":2,"6":2},"f":{"0":2},"b":{},"_coverageSchema":"1a1c01bbd47fc00a2c39e90264f33305004495a9","hash":"333691139a5c388cf20bd8b1c649ea882c505973"}
}
