TN:
SF:src/__mock__/addList.js
FN:4,(anonymous_0)
FNF:1
FNH:1
FNDA:4,(anonymous_0)
DA:4,1
DA:5,4
DA:7,4
DA:19,4
DA:21,4
LF:5
LH:5
BRF:0
BRH:0
end_of_record
TN:
SF:src/__mock__/display.js
FN:1,(anonymous_0)
FN:5,(anonymous_1)
FNF:2
FNH:2
FNDA:6,(anonymous_0)
FNDA:10,(anonymous_1)
DA:1,1
DA:2,6
DA:4,6
DA:5,6
DA:6,10
DA:7,10
DA:8,10
DA:9,10
DA:10,10
LF:9
LH:9
BRDA:4,0,0,6
BRDA:4,0,1,0
BRDA:7,1,0,6
BRDA:7,1,1,4
BRF:4
BRH:3
end_of_record
TN:
SF:src/__mock__/removeList.js
FN:3,(anonymous_0)
FNF:1
FNH:1
FNDA:2,(anonymous_0)
DA:3,1
DA:4,2
DA:5,2
DA:6,2
DA:7,2
DA:9,2
DA:11,2
LF:7
LH:7
BRF:0
BRH:0
end_of_record
